<?xml version="1.0" encoding="UTF-8"?>
<testsuite xmlns:xsi="http://www.w3.org/2001/XMLSchema-instance" xsi:noNamespaceSchemaLocation="https://maven.apache.org/surefire/maven-surefire-plugin/xsd/surefire-test-report-3.0.xsd" version="3.0" name="TestSuite" time="57.105" tests="7" errors="0" skipped="0" failures="0">
  <properties>
[...]
</properties>
  <testcase name="loginWithValidUsernameAndPassword" classname="testcases.TC01_Login" time="2.176">
    <system-out><![CDATA[Project URL: https://www.saucedemo.com/v1/
Test Suite Started
Test Suite Started: E2E Purchase Flow
Initializing browser: ${browsername}
Navigated to: https://www.saucedemo.com/v1/
]]></system-out>
    <system-err><![CDATA[SLF4J: Failed to load class "org.slf4j.impl.StaticLoggerBinder".
SLF4J: Defaulting to no-operation (NOP) logger implementation
SLF4J: See http://www.slf4j.org/codes.html#StaticLoggerBinder for further details.
]]></system-err>
  </testcase>
  <testcase name="selectItemsRandomly" classname="testcases.TC02_Inventory" time="0.91">
    <system-out><![CDATA[Test Passed: loginWithValidUsernameAndPassword
Total price of added items: $53.97
]]></system-out>
  </testcase>
  <testcase name="clickOnCartBtn" classname="testcases.TC02_Inventory" time="1.491">
    <system-out><![CDATA[Test Passed: selectItemsRandomly
]]></system-out>
  </testcase>
  <testcase name="clickOnCheckoutBtn" classname="testcases.TC03_Cart" time="0.534">
    <system-out><![CDATA[Test Passed: clickOnCartBtn
Clicking on Checkout Button...
]]></system-out>
  </testcase>
  <testcase name="enterDataInCheckoutPage" classname="testcases.TC04_Checkout" time="0.794">
    <system-out><![CDATA[Test Passed: clickOnCheckoutBtn
Entering First Name...
Entering Last Name...
Entering ZIP Code...
Clicking on Continue Button...
]]></system-out>
  </testcase>
  <testcase name="completeOrderAndValidatePrice" classname="testcases.TC05_Overview" time="0.021">
    <system-out><![CDATA[Test Passed: enterDataInCheckoutPage
Total Price: 53.97
Final Price: 53.97
Price is matching.
]]></system-out>
  </testcase>
  <testcase name="clickOnFinishBtn" classname="testcases.TC05_Overview" time="0.193">
    <system-out><![CDATA[Test Passed: completeOrderAndValidatePrice
Clicking on Finish Button...
]]></system-out>
  </testcase>
</testsuite>