<?xml version="1.0" encoding="UTF-8"?>
<!-- Generated by org.testng.reporters.JUnitXMLReporter -->
<testsuite ignored="16" hostname="AlBadr-LapTop" failures="0" tests="7" name="E2E Purchase Flow" time="52.796" errors="0" timestamp="2025-01-25T13:56:10 EET">
  <testcase classname="testcases.TC01_Login" name="loginWithValidUsernameAndPassword" time="1.572"/>
  <testcase classname="testcases.TC02_Inventory" name="selectItemsRandomly" time="0.829"/>
  <testcase classname="testcases.TC02_Inventory" name="clickOnCartBtn" time="1.495"/>
  <testcase classname="testcases.TC03_Cart" name="clickOnCheckoutBtn" time="0.414"/>
  <testcase classname="testcases.TC04_Checkout" name="enterDataInCheckoutPage" time="0.58"/>
  <testcase classname="testcases.TC05_Overview" name="completeOrderAndValidatePrice" time="0.104"/>
  <testcase classname="testcases.TC05_Overview" name="clickOnFinishBtn" time="0.361"/>
  <testcase classname="testcases.TestBase" name="@BeforeSuite beforeSuite" time="0.0">
    <ignored/>
  </testcase> <!-- @BeforeSuite beforeSuite -->
  <testcase classname="testcases.TestBase" name="@AfterTest tearDown" time="0.0">
    <ignored/>
  </testcase> <!-- @AfterTest tearDown -->
  <testcase classname="testcases.TestBase" name="@BeforeSuite beforeSuite" time="0.0">
    <ignored/>
  </testcase> <!-- @BeforeSuite beforeSuite -->
  <testcase classname="testcases.TestBase" name="@BeforeTest setUpDriver" time="0.0">
    <ignored/>
  </testcase> <!-- @BeforeTest setUpDriver -->
  <testcase classname="testcases.TestBase" name="@AfterSuite afterSuite" time="0.0">
    <ignored/>
  </testcase> <!-- @AfterSuite afterSuite -->
  <testcase classname="testcases.TestBase" name="@BeforeSuite beforeSuite" time="0.0">
    <ignored/>
  </testcase> <!-- @BeforeSuite beforeSuite -->
  <testcase classname="testcases.TestBase" name="@BeforeTest setUpDriver" time="0.0">
    <ignored/>
  </testcase> <!-- @BeforeTest setUpDriver -->
  <testcase classname="testcases.TestBase" name="@AfterSuite afterSuite" time="0.0">
    <ignored/>
  </testcase> <!-- @AfterSuite afterSuite -->
  <testcase classname="testcases.TestBase" name="@BeforeTest setUpDriver" time="0.0">
    <ignored/>
  </testcase> <!-- @BeforeTest setUpDriver -->
  <testcase classname="testcases.TestBase" name="@BeforeSuite beforeSuite" time="0.0">
    <ignored/>
  </testcase> <!-- @BeforeSuite beforeSuite -->
  <testcase classname="testcases.TestBase" name="@AfterTest tearDown" time="0.0">
    <ignored/>
  </testcase> <!-- @AfterTest tearDown -->
  <testcase classname="testcases.TestBase" name="@AfterSuite afterSuite" time="0.0">
    <ignored/>
  </testcase> <!-- @AfterSuite afterSuite -->
  <testcase classname="testcases.TestBase" name="@BeforeTest setUpDriver" time="0.0">
    <ignored/>
  </testcase> <!-- @BeforeTest setUpDriver -->
  <testcase classname="testcases.TestBase" name="@AfterTest tearDown" time="0.0">
    <ignored/>
  </testcase> <!-- @AfterTest tearDown -->
  <testcase classname="testcases.TestBase" name="@AfterTest tearDown" time="0.0">
    <ignored/>
  </testcase> <!-- @AfterTest tearDown -->
  <testcase classname="testcases.TestBase" name="@AfterSuite afterSuite" time="0.0">
    <ignored/>
  </testcase> <!-- @AfterSuite afterSuite -->
</testsuite> <!-- E2E Purchase Flow -->
